<?xml version="1.0" encoding="UTF-8"?>
<testsuite xmlns:xsi="http://www.w3.org/2001/XMLSchema-instance" xsi:noNamespaceSchemaLocation="https://maven.apache.org/surefire/maven-surefire-plugin/xsd/surefire-test-report.xsd" name="org.sonatype.mavenbook.plugins.AppTest" time="0.03" tests="1" errors="0" skipped="0" failures="0">
  <properties>
    <property name="sun.desktop" value="windows"/>
    <property name="awt.toolkit" value="sun.awt.windows.WToolkit"/>
    <property name="file.encoding.pkg" value="sun.io"/>
    <property name="java.specification.version" value="1.8"/>
    <property name="sun.cpu.isalist" value="amd64"/>
    <property name="sun.jnu.encoding" value="Cp1251"/>
    <property name="java.class.path" value="C:\work-with-nexus\ch18\firstruby-maven-plugin\target\test-classes;C:\work-with-nexus\ch18\firstruby-maven-plugin\target\classes;C:\Users\Илья\.m2\repository\org\codehaus\mojo\jruby-maven-plugin\1.0-beta-4\jruby-maven-plugin-1.0-beta-4.jar;C:\Users\Илья\.m2\repository\org\codehaus\plexus\plexus-jruby-factory\1.0-beta-2\plexus-jruby-factory-1.0-beta-2.jar;C:\Users\Илья\.m2\repository\org\jruby\jruby\0.9.9\jruby-0.9.9.jar;C:\Users\Илья\.m2\repository\backport-util-concurrent\backport-util-concurrent\3.0\backport-util-concurrent-3.0.jar;C:\Users\Илья\.m2\repository\jline\jline\0.9.91\jline-0.9.91.jar;C:\Users\Илья\.m2\repository\asm\asm\2.2.3\asm-2.2.3.jar;C:\Users\Илья\.m2\repository\asm\asm-commons\2.2.3\asm-commons-2.2.3.jar;C:\Users\Илья\.m2\repository\asm\asm-tree\2.2.3\asm-tree-2.2.3.jar;C:\Users\Илья\.m2\repository\org\codehaus\plexus\plexus-container-default\1.0-alpha-8\plexus-container-default-1.0-alpha-8.jar;C:\Users\Илья\.m2\repository\classworlds\classworlds\1.1-alpha-2\classworlds-1.1-alpha-2.jar;C:\Users\Илья\.m2\repository\org\apache\maven\maven-plugin-tools-api\2.0.5\maven-plugin-tools-api-2.0.5.jar;C:\Users\Илья\.m2\repository\org\apache\maven\maven-project\2.0.4\maven-project-2.0.4.jar;C:\Users\Илья\.m2\repository\org\apache\maven\maven-settings\2.0.4\maven-settings-2.0.4.jar;C:\Users\Илья\.m2\repository\org\apache\maven\maven-profile\2.0.4\maven-profile-2.0.4.jar;C:\Users\Илья\.m2\repository\org\apache\maven\maven-model\2.0.4\maven-model-2.0.4.jar;C:\Users\Илья\.m2\repository\org\apache\maven\maven-artifact-manager\2.0.4\maven-artifact-manager-2.0.4.jar;C:\Users\Илья\.m2\repository\org\apache\maven\maven-repository-metadata\2.0.4\maven-repository-metadata-2.0.4.jar;C:\Users\Илья\.m2\repository\org\apache\maven\wagon\wagon-provider-api\1.0-alpha-6\wagon-provider-api-1.0-alpha-6.jar;C:\Users\Илья\.m2\repository\org\apache\maven\maven-artifact\2.0.4\maven-artifact-2.0.4.jar;C:\Users\Илья\.m2\repository\org\apache\maven\maven-plugin-descriptor\2.0.4\maven-plugin-descriptor-2.0.4.jar;C:\Users\Илья\.m2\repository\org\apache\maven\maven-plugin-api\2.0.4\maven-plugin-api-2.0.4.jar;C:\Users\Илья\.m2\repository\org\codehaus\plexus\plexus-utils\1.1\plexus-utils-1.1.jar;C:\Users\Илья\.m2\repository\org\codehaus\mojo\jruby-stdlib\1.8.5\jruby-stdlib-1.8.5.jar;C:\Users\Илья\.m2\repository\junit\junit\4.11\junit-4.11.jar;C:\Users\Илья\.m2\repository\org\hamcrest\hamcrest-core\1.3\hamcrest-core-1.3.jar;"/>
    <property name="java.vm.vendor" value="Oracle Corporation"/>
    <property name="sun.arch.data.model" value="64"/>
    <property name="user.variant" value=""/>
    <property name="java.vendor.url" value="http://java.oracle.com/"/>
    <property name="user.timezone" value="Europe/Helsinki"/>
    <property name="java.vm.specification.version" value="1.8"/>
    <property name="os.name" value="Windows 10"/>
    <property name="user.country" value="GB"/>
    <property name="sun.java.launcher" value="SUN_STANDARD"/>
    <property name="sun.boot.library.path" value="C:\Program Files\Java\jdk1.8.0_161\jre\bin"/>
    <property name="sun.java.command" value="C:\Users\75BD~1\AppData\Local\Temp\surefire223970542316024908\surefirebooter9102811992505707281.jar C:\Users\Илья\AppData\Local\Temp\surefire223970542316024908 2019-03-19T22-03-52_031-jvmRun1 surefire604805352519191856tmp surefire_0990097918078941040tmp"/>
    <property name="surefire.test.class.path" value="C:\work-with-nexus\ch18\firstruby-maven-plugin\target\test-classes;C:\work-with-nexus\ch18\firstruby-maven-plugin\target\classes;C:\Users\Илья\.m2\repository\org\codehaus\mojo\jruby-maven-plugin\1.0-beta-4\jruby-maven-plugin-1.0-beta-4.jar;C:\Users\Илья\.m2\repository\org\codehaus\plexus\plexus-jruby-factory\1.0-beta-2\plexus-jruby-factory-1.0-beta-2.jar;C:\Users\Илья\.m2\repository\org\jruby\jruby\0.9.9\jruby-0.9.9.jar;C:\Users\Илья\.m2\repository\backport-util-concurrent\backport-util-concurrent\3.0\backport-util-concurrent-3.0.jar;C:\Users\Илья\.m2\repository\jline\jline\0.9.91\jline-0.9.91.jar;C:\Users\Илья\.m2\repository\asm\asm\2.2.3\asm-2.2.3.jar;C:\Users\Илья\.m2\repository\asm\asm-commons\2.2.3\asm-commons-2.2.3.jar;C:\Users\Илья\.m2\repository\asm\asm-tree\2.2.3\asm-tree-2.2.3.jar;C:\Users\Илья\.m2\repository\org\codehaus\plexus\plexus-container-default\1.0-alpha-8\plexus-container-default-1.0-alpha-8.jar;C:\Users\Илья\.m2\repository\classworlds\classworlds\1.1-alpha-2\classworlds-1.1-alpha-2.jar;C:\Users\Илья\.m2\repository\org\apache\maven\maven-plugin-tools-api\2.0.5\maven-plugin-tools-api-2.0.5.jar;C:\Users\Илья\.m2\repository\org\apache\maven\maven-project\2.0.4\maven-project-2.0.4.jar;C:\Users\Илья\.m2\repository\org\apache\maven\maven-settings\2.0.4\maven-settings-2.0.4.jar;C:\Users\Илья\.m2\repository\org\apache\maven\maven-profile\2.0.4\maven-profile-2.0.4.jar;C:\Users\Илья\.m2\repository\org\apache\maven\maven-model\2.0.4\maven-model-2.0.4.jar;C:\Users\Илья\.m2\repository\org\apache\maven\maven-artifact-manager\2.0.4\maven-artifact-manager-2.0.4.jar;C:\Users\Илья\.m2\repository\org\apache\maven\maven-repository-metadata\2.0.4\maven-repository-metadata-2.0.4.jar;C:\Users\Илья\.m2\repository\org\apache\maven\wagon\wagon-provider-api\1.0-alpha-6\wagon-provider-api-1.0-alpha-6.jar;C:\Users\Илья\.m2\repository\org\apache\maven\maven-artifact\2.0.4\maven-artifact-2.0.4.jar;C:\Users\Илья\.m2\repository\org\apache\maven\maven-plugin-descriptor\2.0.4\maven-plugin-descriptor-2.0.4.jar;C:\Users\Илья\.m2\repository\org\apache\maven\maven-plugin-api\2.0.4\maven-plugin-api-2.0.4.jar;C:\Users\Илья\.m2\repository\org\codehaus\plexus\plexus-utils\1.1\plexus-utils-1.1.jar;C:\Users\Илья\.m2\repository\org\codehaus\mojo\jruby-stdlib\1.8.5\jruby-stdlib-1.8.5.jar;C:\Users\Илья\.m2\repository\junit\junit\4.11\junit-4.11.jar;C:\Users\Илья\.m2\repository\org\hamcrest\hamcrest-core\1.3\hamcrest-core-1.3.jar;"/>
    <property name="sun.cpu.endian" value="little"/>
    <property name="user.home" value="C:\Users\Илья"/>
    <property name="user.language" value="en"/>
    <property name="java.specification.vendor" value="Oracle Corporation"/>
    <property name="java.home" value="C:\Program Files\Java\jdk1.8.0_161\jre"/>
    <property name="basedir" value="C:\work-with-nexus\ch18\firstruby-maven-plugin"/>
    <property name="file.separator" value="\"/>
    <property name="line.separator" value="&#10;"/>
    <property name="java.vm.specification.vendor" value="Oracle Corporation"/>
    <property name="java.specification.name" value="Java Platform API Specification"/>
    <property name="java.awt.graphicsenv" value="sun.awt.Win32GraphicsEnvironment"/>
    <property name="surefire.real.class.path" value="C:\Users\75BD~1\AppData\Local\Temp\surefire223970542316024908\surefirebooter9102811992505707281.jar"/>
    <property name="sun.boot.class.path" value="C:\Program Files\Java\jdk1.8.0_161\jre\lib\resources.jar;C:\Program Files\Java\jdk1.8.0_161\jre\lib\rt.jar;C:\Program Files\Java\jdk1.8.0_161\jre\lib\sunrsasign.jar;C:\Program Files\Java\jdk1.8.0_161\jre\lib\jsse.jar;C:\Program Files\Java\jdk1.8.0_161\jre\lib\jce.jar;C:\Program Files\Java\jdk1.8.0_161\jre\lib\charsets.jar;C:\Program Files\Java\jdk1.8.0_161\jre\lib\jfr.jar;C:\Program Files\Java\jdk1.8.0_161\jre\classes"/>
    <property name="user.script" value=""/>
    <property name="sun.management.compiler" value="HotSpot 64-Bit Tiered Compilers"/>
    <property name="java.runtime.version" value="1.8.0_161-b12"/>
    <property name="user.name" value="Илья"/>
    <property name="path.separator" value=";"/>
    <property name="os.version" value="10.0"/>
    <property name="java.endorsed.dirs" value="C:\Program Files\Java\jdk1.8.0_161\jre\lib\endorsed"/>
    <property name="java.runtime.name" value="Java(TM) SE Runtime Environment"/>
    <property name="file.encoding" value="Cp1251"/>
    <property name="java.vm.name" value="Java HotSpot(TM) 64-Bit Server VM"/>
    <property name="localRepository" value="C:\Users\Илья\.m2\repository"/>
    <property name="java.vendor.url.bug" value="http://bugreport.sun.com/bugreport/"/>
    <property name="java.io.tmpdir" value="C:\Users\75BD~1\AppData\Local\Temp\"/>
    <property name="java.version" value="1.8.0_161"/>
    <property name="user.dir" value="C:\work-with-nexus\ch18\firstruby-maven-plugin"/>
    <property name="os.arch" value="amd64"/>
    <property name="java.vm.specification.name" value="Java Virtual Machine Specification"/>
    <property name="java.awt.printerjob" value="sun.awt.windows.WPrinterJob"/>
    <property name="sun.os.patch.level" value=""/>
    <property name="java.library.path" value="C:\Program Files\Java\jdk1.8.0_161\jre\bin;C:\WINDOWS\Sun\Java\bin;C:\WINDOWS\system32;C:\WINDOWS;C:\Program Files (x86)\NVIDIA Corporation\PhysX\Common;C:\ProgramData\Oracle\Java\javapath;C:\WINDOWS\system32;C:\WINDOWS;C:\WINDOWS\System32\Wbem;C:\WINDOWS\System32\WindowsPowerShell\v1.0\;C:\Program Files\dotnet\;C:\Program Files\Microsoft SQL Server\130\Tools\Binn\;C:\WINDOWS\System32\OpenSSH\;C:\Program Files\Apache Tomcat\apache-tomcat-7.0.90\bin;C:\Program Files\Java\jdk-9.0.4\bin;C:\Program Files\Java\jre-9.0.4\bin;C:\OpenSSL-Win64\bin;C:\Program Files\apache-maven-3.6.0\bin;C:\Program Files\NVIDIA Corporation\NVIDIA NvDLISR;C:\Program Files\Git\cmd;C:\apache-svn\bin;C:\Program Files\Java\jdk1.8.0_161;."/>
    <property name="java.vm.info" value="mixed mode"/>
    <property name="java.vendor" value="Oracle Corporation"/>
    <property name="java.vm.version" value="25.161-b12"/>
    <property name="java.ext.dirs" value="C:\Program Files\Java\jdk1.8.0_161\jre\lib\ext;C:\WINDOWS\Sun\Java\lib\ext"/>
    <property name="sun.io.unicode.encoding" value="UnicodeLittle"/>
    <property name="java.class.version" value="52.0"/>
  </properties>
  <testcase name="shouldAnswerWithTrue" classname="org.sonatype.mavenbook.plugins.AppTest" time="0.003"/>
</testsuite>